16/Apr/2022:14:31:42 732 [Calculator.java] [INFO] Calculator [SQRT] - -6.0
16/Apr/2022:14:31:42 735 [Calculator.java] [ERROR] Calculator square root function is given negative number
16/Apr/2022:14:31:42 735 [Calculator.java] [INFO] Calculator [RESULT - SQUARE ROOT] - -6.0
16/Apr/2022:14:31:42 736 [Calculator.java] [INFO] Calculator [SQRT] - 25.0
16/Apr/2022:14:31:42 736 [Calculator.java] [INFO] Calculator [RESULT - SQUARE ROOT] - 25.0
16/Apr/2022:14:31:42 736 [Calculator.java] [INFO] Calculator [SQRT] - 3.0
16/Apr/2022:14:31:42 737 [Calculator.java] [INFO] Calculator [RESULT - SQUARE ROOT] - 3.0
16/Apr/2022:14:31:42 738 [Calculator.java] [INFO] Calculator [FACTORIAL] - -5
16/Apr/2022:14:31:42 739 [Calculator.java] [ERROR] Calculator factorial function does not work with negative number
16/Apr/2022:14:31:42 741 [Calculator.java] [INFO] Calculator [FACTORIAL] - 5
16/Apr/2022:14:31:42 742 [Calculator.java] [INFO] Calculator [RESULT - FACTORIAL] - 120
16/Apr/2022:14:31:42 743 [Calculator.java] [INFO] Calculator [FACTORIAL] - 10
16/Apr/2022:14:31:42 743 [Calculator.java] [INFO] Calculator [RESULT - FACTORIAL] - 3628800
16/Apr/2022:14:31:42 743 [Calculator.java] [INFO] Calculator [FACTORIAL] - 20
16/Apr/2022:14:31:42 743 [Calculator.java] [INFO] Calculator [RESULT - FACTORIAL] - 2432902008176640000
16/Apr/2022:14:31:42 744 [Calculator.java] [INFO] Calculator [FACTORIAL] - 50
16/Apr/2022:14:31:42 744 [Calculator.java] [INFO] Calculator [RESULT - FACTORIAL] - 30414093201713378043612608166064768844377641568960512000000000000
16/Apr/2022:14:31:42 744 [Calculator.java] [INFO] Calculator [FACTORIAL] - 0
16/Apr/2022:14:31:42 745 [Calculator.java] [INFO] Calculator [RESULT - FACTORIAL] - 1
16/Apr/2022:14:31:42 746 [Calculator.java] [INFO] Calculator [LOG] - -6.0
16/Apr/2022:14:31:42 746 [Calculator.java] [ERROR] Calculator natural log function does not work with negative number
16/Apr/2022:14:31:42 746 [Calculator.java] [INFO] Calculator [RESULT - NATURAL LOG] - NaN
16/Apr/2022:14:31:42 746 [Calculator.java] [INFO] Calculator [LOG] - 10.0
16/Apr/2022:14:31:42 747 [Calculator.java] [INFO] Calculator [RESULT - NATURAL LOG] - 2.302585092994046
16/Apr/2022:14:31:42 748 [Calculator.java] [INFO] Calculator [POWER] - 2.0, 3.0
16/Apr/2022:14:31:42 748 [Calculator.java] [INFO] Calculator [RESULT - POWER] - 8.0
16/Apr/2022:14:31:42 748 [Calculator.java] [INFO] Calculator [POWER] - 0.5, -3.0
16/Apr/2022:14:31:42 748 [Calculator.java] [INFO] Calculator [RESULT - POWER] - 8.0
16/Apr/2022:14:31:42 749 [Calculator.java] [INFO] Calculator [POWER] - -2.0, 3.0
16/Apr/2022:14:31:42 749 [Calculator.java] [INFO] Calculator [RESULT - POWER] - -8.0
16/Apr/2022:14:31:42 749 [Calculator.java] [INFO] Calculator [POWER] - -0.5, -3.0
16/Apr/2022:14:31:42 749 [Calculator.java] [INFO] Calculator [RESULT - POWER] - -8.0
